2021-04-03 15:38:42,271 string received: "standup(): started at 2021-04-03 17:38:42.267924"
2021-04-03 15:38:42,518 string received: "Rpi power: {voltage_V=5.132, current_A=0.9167}"
2021-04-03 15:38:42,691 string received: "standup"
2021-04-03 15:38:42,705 string received: "pause( 3.000) called in pausemotion"
2021-04-03 15:38:43,554 string received: "Rpi power: {voltage_V=5.136, current_A=0.8187}"
2021-04-03 15:38:44,591 string received: "Rpi power: {voltage_V=5.136, current_A=0.8303}"
2021-04-03 15:38:45,559 string received: "Rpi power: {voltage_V=5.128, current_A=0.8155}"
2021-04-03 15:38:45,669 string received: "
try to read out RFID"
2021-04-03 15:38:45,682 string received: "findmoveover(blue,[-8.5  1.5  1. ],3,3,[('fwd', 4)])"
2021-04-03 15:38:46,313 string received: "analyzeimage saved imgs/analyzeimage_1460_result.jpg"
2021-04-03 15:38:46,326 string received: "analyzeimage returns {'blue': (403.0, (194, 127))}"
2021-04-03 15:38:46,569 string received: "Rpi power: {voltage_V=5.128, current_A=0.8257}"
2021-04-03 15:38:46,896 string received: "analyzeimage saved imgs/analyzeimage_1461_result.jpg"
2021-04-03 15:38:46,909 string received: "analyzeimage returns {'blue': (427.0, (191, 125))}"
2021-04-03 15:38:46,909 string received: "moveover1([-8.5  1.5  1. ],[-33.47999877   6.06548842   1.        ]). deviation= 25.4 -> [('trn', -0.3)]"
2021-04-03 15:38:46,909 string received: "moveover2([-8.5  1.5  1. ],[-33.47999877   6.06548842   1.        ],  3.0) -> (('trn', -7.7), ('fwd', -22.5))"
2021-04-03 15:38:46,910 string received: "moveover([-8.5  1.5  1. ],[-33.47999877   6.06548842   1.        ],  3.0). deviation= 25.4 -> (('trn', -7.7), ('fwd', -22.5))"
2021-04-03 15:38:46,910 string received: "calcmotion([-33.47999877   6.06548842],3,[-8.5  1.5  1. ])->(('trn', -7.7), ('fwd', -22.5))"
2021-04-03 15:38:46,910 string received: "turn(  -7.7): called in makemove"
2021-04-03 15:38:47,323 string received: "forward(-22.5): called in makemove"
2021-04-03 15:38:47,582 string received: "Rpi power: {voltage_V=5.128, current_A=0.8857}"
2021-04-03 15:38:48,511 string received: "pause( 3.000) called in pausemotion"
2021-04-03 15:38:48,598 string received: "Rpi power: {voltage_V=5.124, current_A=0.8777}"
2021-04-03 15:38:49,612 string received: "Rpi power: {voltage_V=5.132, current_A=0.8709}"
2021-04-03 15:38:50,702 string received: "Rpi power: {voltage_V=5.128, current_A=0.8875}"
2021-04-03 15:38:51,637 string received: "Rpi power: {voltage_V=5.108, current_A=1.0209}"
2021-04-03 15:38:51,804 string received: "RFID read: {id=374855348924, status=(1, 0, 10, [1, 1, 1, 1, 1, 1, 1, 1, 1, 1]), text='ByCxDwEvFuGtHsIrJqKp'}"
2021-04-03 15:38:51,818 string received: "tag read out with decoded=1"
2021-04-03 15:38:51,818 string received: "
move magnet over tag"
2021-04-03 15:38:51,819 string received: "moveover1([-1.803 20.692  1.   ],[-8.5  1.5  1. ]). deviation= 12.1 -> [('trn', 75.0)]"
2021-04-03 15:38:51,819 string received: "moveover2([-1.803 20.692  1.   ],[-8.5  1.5  1. ],  3.0) -> (('fwd', 12.2), ('trn', 80.9))"
2021-04-03 15:38:51,819 string received: "moveover([-1.803 20.692  1.   ],[-8.5  1.5  1. ],  3.0). deviation= 12.1 -> (('fwd', 12.2), ('trn', 80.9))"
2021-04-03 15:38:51,819 string received: "calcmotion([-8.5  1.5],3.0,[-1.803 20.692  1.   ])->(('fwd', 12.2), ('trn', 80.9))"
2021-04-03 15:38:51,819 string received: "forward( 12.2): called in makemove"
2021-04-03 15:38:52,495 string received: "turn(  80.9): called in makemove"
2021-04-03 15:38:52,667 string received: "Rpi power: {voltage_V=5.124, current_A=0.8517}"
2021-04-03 15:38:53,550 string received: "pause( 3.000) called in pausemotion"
2021-04-03 15:38:53,704 string received: "Rpi power: {voltage_V=5.124, current_A=0.8883}"
2021-04-03 15:38:54,681 string received: "Rpi power: {voltage_V=5.120, current_A=0.8895}"
2021-04-03 15:38:55,696 string received: "Rpi power: {voltage_V=5.124, current_A=0.8621}"
2021-04-03 15:38:56,554 string received: "
try to pick up tag"
2021-04-03 15:38:56,567 string received: "findmoveover(yellow,[-1.803 20.692  1.   ],0,3,[('trn', -10)])"
2021-04-03 15:38:56,711 string received: "Rpi power: {voltage_V=5.132, current_A=0.9003}"
2021-04-03 15:38:57,295 string received: "analyzeimage saved imgs/analyzeimage_1462_result.jpg"
2021-04-03 15:38:57,308 string received: "analyzeimage returns {'yellow': (179.0, (292, 517))}"
2021-04-03 15:38:57,811 string received: "Rpi power: {voltage_V=5.120, current_A=1.0651}"
2021-04-03 15:38:57,824 string received: "analyzeimage saved imgs/analyzeimage_1463_result.jpg"
2021-04-03 15:38:57,824 string received: "analyzeimage returns {'yellow': (181.0, (293, 519))}"
2021-04-03 15:38:57,825 string received: "moveover1([-1.803 20.692  1.   ],[ 0.34107908 25.99249686  1.        ]). deviation=  5.2 -> [('trn', -5.7)]"
2021-04-03 15:38:57,825 string received: "moveover2([-1.803 20.692  1.   ],[ 0.34107908 25.99249686  1.        ],  0.0) -> (('trn', -38.0), ('fwd', -13.9))"
2021-04-03 15:38:57,825 string received: "moveover([-1.803 20.692  1.   ],[ 0.34107908 25.99249686  1.        ],  0.0). deviation=  5.2 -> (('trn', -38.0), ('fwd', -13.9))"
2021-04-03 15:38:57,825 string received: "calcmotion([ 0.34107908 25.99249686],0,[-1.803 20.692  1.   ])->(('trn', -38.0), ('fwd', -13.9))"
2021-04-03 15:38:57,825 string received: "turn( -38.0): called in makemove"
2021-04-03 15:38:58,673 string received: "forward(-13.9): called in makemove"
2021-04-03 15:38:58,846 string received: "Rpi power: {voltage_V=5.136, current_A=0.9441}"
2021-04-03 15:38:59,374 string received: "pause( 3.000) called in pausemotion"
2021-04-03 15:38:59,807 string received: "Rpi power: {voltage_V=5.128, current_A=0.9305}"
2021-04-03 15:39:00,757 string received: "Rpi power: {voltage_V=5.140, current_A=0.8669}"
2021-04-03 15:39:01,777 string received: "Rpi power: {voltage_V=5.128, current_A=0.9631}"
2021-04-03 15:39:02,787 string received: "Rpi power: {voltage_V=5.128, current_A=0.8929}"
2021-04-03 15:39:02,997 string received: "analyzeimage saved imgs/analyzeimage_1464_result.jpg"
2021-04-03 15:39:03,011 string received: "analyzeimage returns {'yellow': (250.0, (340, 493))}"
2021-04-03 15:39:03,591 string received: "analyzeimage saved imgs/analyzeimage_1465_result.jpg"
2021-04-03 15:39:03,604 string received: "analyzeimage returns {'yellow': (263.5, (340, 493))}"
2021-04-03 15:39:03,604 string received: "trypickup(0,3): cmpos2=[ 0.4926954  20.72785575], magnet_pos[:2]=[-1.803 20.692]"
2021-04-03 15:39:03,604 string received: "  offset= 2.3~[2.2956954  0.03585575]. not trying to pick up."
2021-04-03 15:39:03,605 string received: "  not picked up. bigmove=0. retrying..."
2021-04-03 15:39:03,605 string received: "findmoveover(yellow,[-1.803 20.692  1.   ],0,3,[('trn', -10)])"
2021-04-03 15:39:03,802 string received: "Rpi power: {voltage_V=5.136, current_A=0.8801}"
2021-04-03 15:39:04,249 string received: "analyzeimage saved imgs/analyzeimage_1466_result.jpg"
2021-04-03 15:39:04,280 string received: "analyzeimage returns {'yellow': (257.0, (340, 493))}"
2021-04-03 15:39:04,813 string received: "Rpi power: {voltage_V=5.108, current_A=1.0081}"
2021-04-03 15:39:04,827 string received: "analyzeimage saved imgs/analyzeimage_1467_result.jpg"
2021-04-03 15:39:04,827 string received: "analyzeimage returns {'yellow': (249.0, (337, 489))}"
2021-04-03 15:39:04,827 string received: "moveover1([-1.803 20.692  1.   ],[ 0.26825902 20.70342147  1.        ]). deviation=  0.1 -> [('trn', -5.7)]"
2021-04-03 15:39:04,828 string received: "moveover([-1.803 20.692  1.   ],[ 0.26825902 20.70342147  1.        ],  0.0). deviation=  0.1 -> [('trn', -5.7)]"
2021-04-03 15:39:04,828 string received: "calcmotion([ 0.26825902 20.70342147],0,[-1.803 20.692  1.   ])->[('trn', -5.7)]"
2021-04-03 15:39:04,828 string received: "turn(  -5.7): called in makemove"
2021-04-03 15:39:05,259 string received: "pause( 3.000) called in pausemotion"
2021-04-03 15:39:05,828 string received: "Rpi power: {voltage_V=5.136, current_A=0.8063}"
2021-04-03 15:39:06,925 string received: "Rpi power: {voltage_V=5.140, current_A=0.7992}"
2021-04-03 15:39:07,961 string received: "Rpi power: {voltage_V=5.132, current_A=0.7992}"
2021-04-03 15:39:08,920 string received: "analyzeimage saved imgs/analyzeimage_1468_result.jpg"
2021-04-03 15:39:08,933 string received: "analyzeimage returns {'yellow': (282.0, (321, 471))}"
2021-04-03 15:39:08,934 string received: "Rpi power: {voltage_V=5.124, current_A=0.8441}"
2021-04-03 15:39:09,412 string received: "analyzeimage saved imgs/analyzeimage_1469_result.jpg"
2021-04-03 15:39:09,425 string received: "analyzeimage returns {'yellow': (271.0, (324, 473))}"
2021-04-03 15:39:09,426 string received: "trypickup(0,3): cmpos2=[-1.88544369 20.59387354], magnet_pos[:2]=[-1.803 20.692]"
2021-04-03 15:39:09,426 string received: "setmagnet(True) called"
2021-04-03 15:39:09,842 string received: "servo moved from 2.8 to 6.88 at speed 120.0"
2021-04-03 15:39:09,856 string received: "pause( 0.050) called in moveservodown"
2021-04-03 15:39:09,874 string received: "Rpi power: {voltage_V=5.088, current_A=1.4504}"
2021-04-03 15:39:09,888 string received: "Rpi magnet: True"
2021-04-03 15:39:10,413 string received: "servo moved from 6.88 to 7.9 at speed 24.0"
2021-04-03 15:39:10,429 string received: "pause( 1.000) called in pausemotion"
2021-04-03 15:39:10,890 string received: "Rpi power: {voltage_V=5.092, current_A=1.4664}"
2021-04-03 15:39:10,903 string received: "Rpi magnet: True"
2021-04-03 15:39:11,904 string received: "Rpi power: {voltage_V=5.092, current_A=1.5984}"
2021-04-03 15:39:11,917 string received: "Rpi magnet: True"
2021-04-03 15:39:12,923 string received: "Rpi power: {voltage_V=5.076, current_A=1.5929}"
2021-04-03 15:39:12,936 string received: "Rpi magnet: True"
2021-04-03 15:39:13,938 string received: "Rpi power: {voltage_V=5.096, current_A=1.4582}"
2021-04-03 15:39:13,955 string received: "Rpi magnet: True"
2021-04-03 15:39:13,995 string received: "servo moved from 7.9 to 2.8 at speed 24.0"
2021-04-03 15:39:14,640 string received: "yellow missing in maxobjs={}"
2021-04-03 15:39:14,654 string received: "analyzeimage saved imgs/analyzeimage_1470_result.jpg"
2021-04-03 15:39:14,655 string received: "analyzeimage returns {}"
2021-04-03 15:39:14,949 string received: "Rpi power: {voltage_V=5.088, current_A=1.4544}"
2021-04-03 15:39:14,998 string received: "Rpi magnet: True"
2021-04-03 15:39:15,344 string received: "analyzeimage saved imgs/analyzeimage_1471_result.jpg"
2021-04-03 15:39:15,357 string received: "analyzeimage returns {'yellow': (182.0, (211, 630))}"
2021-04-03 15:39:15,357 string received: "tag picked up."
2021-04-03 15:39:15,357 string received: "
try to move to landing zone"
2021-04-03 15:39:15,358 string received: "findmoveover(green,[-1.803 18.692  1.   ],4,3,[('trn', -10)])"
2021-04-03 15:39:15,875 string received: "analyzeimage saved imgs/analyzeimage_1472_result.jpg"
2021-04-03 15:39:15,889 string received: "analyzeimage returns {'green': (12628.5, (263, 279))}"
2021-04-03 15:39:16,036 string received: "Rpi power: {voltage_V=5.096, current_A=1.3695}"
2021-04-03 15:39:16,050 string received: "Rpi magnet: True"
2021-04-03 15:39:16,554 string received: "analyzeimage saved imgs/analyzeimage_1473_result.jpg"
2021-04-03 15:39:16,573 string received: "analyzeimage returns {'green': (12908.0, (259, 277))}"
2021-04-03 15:39:16,574 string received: "moveover1([-1.803 18.692  1.   ],[-16.23422467  13.33536786   1.        ]). deviation=  2.2 -> [('trn', 45.1)]"
2021-04-03 15:39:16,574 string received: "moveover2([-1.803 18.692  1.   ],[-16.23422467  13.33536786   1.        ],  4.0) -> (('trn', 23.4), ('fwd', -3.8))"
2021-04-03 15:39:16,574 string received: "moveover([-1.803 18.692  1.   ],[-16.23422467  13.33536786   1.        ],  4.0). deviation=  2.2 -> (('trn', 23.4), ('fwd', -3.8))"
2021-04-03 15:39:16,574 string received: "calcmotion([-16.23422467  13.33536786],4,[-1.803 18.692  1.   ])->(('trn', 23.4), ('fwd', -3.8))"
2021-04-03 15:39:16,574 string received: "turn(  23.4): called in makemove"
2021-04-03 15:39:17,071 string received: "Rpi power: {voltage_V=5.096, current_A=1.4149}"
2021-04-03 15:39:17,085 string received: "Rpi magnet: True"
2021-04-03 15:39:17,098 string received: "forward( -3.8): called in makemove"
2021-04-03 15:39:17,417 string received: "pause( 3.000) called in pausemotion"
2021-04-03 15:39:18,034 string received: "Rpi power: {voltage_V=5.100, current_A=1.4105}"
2021-04-03 15:39:18,050 string received: "Rpi magnet: True"
2021-04-03 15:39:19,007 string received: "Rpi power: {voltage_V=5.092, current_A=1.3915}"
2021-04-03 15:39:19,021 string received: "Rpi magnet: True"
2021-04-03 15:39:20,024 string received: "Rpi power: {voltage_V=5.096, current_A=1.4199}"
2021-04-03 15:39:20,037 string received: "Rpi magnet: True"
2021-04-03 15:39:20,833 string received: "servo moved from 2.8 to 6.88 at speed 120.0"
2021-04-03 15:39:20,849 string received: "pause( 0.050) called in moveservodown"
2021-04-03 15:39:21,039 string received: "Rpi power: {voltage_V=5.084, current_A=1.4873}"
2021-04-03 15:39:21,055 string received: "Rpi magnet: True"
2021-04-03 15:39:21,407 string received: "servo moved from 6.88 to 7.9 at speed 24.0"
2021-04-03 15:39:21,420 string received: "setmagnet(0) called, was on for11.99s"
2021-04-03 15:39:21,944 string received: "servo moved from 7.9 to 2.8 at speed 120.0"
2021-04-03 15:39:21,959 string received: "
done"
2021-04-03 15:39:21,959 string received: "pause( 3.000) called in pausemotion"
2021-04-03 15:39:22,049 string received: "Rpi power: {voltage_V=5.132, current_A=0.7992}"
2021-04-03 15:39:23,064 string received: "Rpi power: {voltage_V=5.132, current_A=0.8149}"
2021-04-03 15:39:24,119 string received: "Rpi power: {voltage_V=5.124, current_A=0.8339}"
2021-04-03 15:39:24,983 string received: "pause( 0.200) called in pausemotion"
2021-04-03 15:39:25,155 string received: "Rpi power: {voltage_V=5.128, current_A=0.9003}"
2021-04-03 15:39:25,169 string received: "laydown"
